Parsing
loadI  4            => r1
loadI  2000         => r2
add    r2   , r1    => r3
add    r3   , r1    => r4
add    r4   , r1    => r5
add    r5   , r1    => r6
add    r6   , r1    => r7
load   r2           => r10
load   r3           => r11
load   r4           => r12
load   r5           => r13
load   r6           => r14
load   r7           => r15
mult   r15  , r14   => r20
mult   r13  , r12   => r21
mult   r11  , r10   => r22
add    r15  , r10   => r23
add    r14  , r11   => r24
add    r13  , r12   => r25
add    r20  , r25   => r30
add    r21  , r24   => r31
add    r22  , r23   => r32
add    r30  , r31   => r33
add    r33  , r32   => r34
add    r7   , r1    => r8
store  r34          => r8
output 2024 


Expanding
|in- |opcode||           op1          ||           op2          ||          dest          ||
|dex |      ||  sr  |  vr |  pr |  nu ||  sr  |  vr |  pr |  nu ||  sr  |  vr |  pr |  nu ||
|0   |loadI || 4    |  -  |  -  | n/a || -    |  -  |  -  | inf || r1   |  -  |  -  | inf ||
|1   |loadI || 2000 |  -  |  -  | n/a || -    |  -  |  -  | inf || r2   |  -  |  -  | inf ||
|2   |add   || r2   |  -  |  -  | inf || r1   |  -  |  -  | inf || r3   |  -  |  -  | inf ||
|3   |add   || r3   |  -  |  -  | inf || r1   |  -  |  -  | inf || r4   |  -  |  -  | inf ||
|4   |add   || r4   |  -  |  -  | inf || r1   |  -  |  -  | inf || r5   |  -  |  -  | inf ||
|5   |add   || r5   |  -  |  -  | inf || r1   |  -  |  -  | inf || r6   |  -  |  -  | inf ||
|6   |add   || r6   |  -  |  -  | inf || r1   |  -  |  -  | inf || r7   |  -  |  -  | inf ||
|7   |load  || r2   |  -  |  -  | inf || -    |  -  |  -  | inf || r10  |  -  |  -  | inf ||
|8   |load  || r3   |  -  |  -  | inf || -    |  -  |  -  | inf || r11  |  -  |  -  | inf ||
|9   |load  || r4   |  -  |  -  | inf || -    |  -  |  -  | inf || r12  |  -  |  -  | inf ||
|10  |load  || r5   |  -  |  -  | inf || -    |  -  |  -  | inf || r13  |  -  |  -  | inf ||
|11  |load  || r6   |  -  |  -  | inf || -    |  -  |  -  | inf || r14  |  -  |  -  | inf ||
|12  |load  || r7   |  -  |  -  | inf || -    |  -  |  -  | inf || r15  |  -  |  -  | inf ||
|13  |mult  || r15  |  -  |  -  | inf || r14  |  -  |  -  | inf || r20  |  -  |  -  | inf ||
|14  |mult  || r13  |  -  |  -  | inf || r12  |  -  |  -  | inf || r21  |  -  |  -  | inf ||
|15  |mult  || r11  |  -  |  -  | inf || r10  |  -  |  -  | inf || r22  |  -  |  -  | inf ||
|16  |add   || r15  |  -  |  -  | inf || r10  |  -  |  -  | inf || r23  |  -  |  -  | inf ||
|17  |add   || r14  |  -  |  -  | inf || r11  |  -  |  -  | inf || r24  |  -  |  -  | inf ||
|18  |add   || r13  |  -  |  -  | inf || r12  |  -  |  -  | inf || r25  |  -  |  -  | inf ||
|19  |add   || r20  |  -  |  -  | inf || r25  |  -  |  -  | inf || r30  |  -  |  -  | inf ||
|20  |add   || r21  |  -  |  -  | inf || r24  |  -  |  -  | inf || r31  |  -  |  -  | inf ||
|21  |add   || r22  |  -  |  -  | inf || r23  |  -  |  -  | inf || r32  |  -  |  -  | inf ||
|22  |add   || r30  |  -  |  -  | inf || r31  |  -  |  -  | inf || r33  |  -  |  -  | inf ||
|23  |add   || r33  |  -  |  -  | inf || r32  |  -  |  -  | inf || r34  |  -  |  -  | inf ||
|24  |add   || r7   |  -  |  -  | inf || r1   |  -  |  -  | inf || r8   |  -  |  -  | inf ||
|25  |store || r34  |  -  |  -  | inf || r8   |  -  |  -  | inf || -    |  -  |  -  | inf ||
|26  |output|| 2024 |  -  |  -  | n/a || -    |  -  |  -  | inf || -    |  -  |  -  | inf ||


Annotating
|in- |opcode||           op1           ||           op2           ||          dest           ||
|dex |      ||  sr  |  vr  |  pr |  nu ||  sr  |  vr  |  pr |  nu ||  sr  |  vr  |  pr |  nu ||
|0   |loadI || 4    |  -   |  -  | n/a || -    |  -   |  -  | inf || r1   | vr3  |  -  | 2   ||
|1   |loadI || 2000 |  -   |  -  | n/a || -    |  -   |  -  | inf || r2   | vr24 |  -  | 2   ||
|2   |add   || r2   | vr24 |  -  | 7   || r1   | vr3  |  -  | 3   || r3   | vr23 |  -  | 3   ||
|3   |add   || r3   | vr23 |  -  | 8   || r1   | vr3  |  -  | 4   || r4   | vr22 |  -  | 4   ||
|4   |add   || r4   | vr22 |  -  | 9   || r1   | vr3  |  -  | 5   || r5   | vr21 |  -  | 5   ||
|5   |add   || r5   | vr21 |  -  | 10  || r1   | vr3  |  -  | 6   || r6   | vr20 |  -  | 6   ||
|6   |add   || r6   | vr20 |  -  | 11  || r1   | vr3  |  -  | 24  || r7   | vr2  |  -  | 12  ||
|7   |load  || r2   | vr24 |  -  | inf || -    |  -   |  -  | inf || r10  | vr19 |  -  | 15  ||
|8   |load  || r3   | vr23 |  -  | inf || -    |  -   |  -  | inf || r11  | vr17 |  -  | 15  ||
|9   |load  || r4   | vr22 |  -  | inf || -    |  -   |  -  | inf || r12  | vr15 |  -  | 14  ||
|10  |load  || r5   | vr21 |  -  | inf || -    |  -   |  -  | inf || r13  | vr14 |  -  | 14  ||
|11  |load  || r6   | vr20 |  -  | inf || -    |  -   |  -  | inf || r14  | vr16 |  -  | 13  ||
|12  |load  || r7   | vr2  |  -  | 24  || -    |  -   |  -  | inf || r15  | vr18 |  -  | 13  ||
|13  |mult  || r15  | vr18 |  -  | 16  || r14  | vr16 |  -  | 17  || r20  | vr12 |  -  | 19  ||
|14  |mult  || r13  | vr14 |  -  | 18  || r12  | vr15 |  -  | 18  || r21  | vr10 |  -  | 20  ||
|15  |mult  || r11  | vr17 |  -  | 17  || r10  | vr19 |  -  | 16  || r22  | vr8  |  -  | 21  ||
|16  |add   || r15  | vr18 |  -  | inf || r10  | vr19 |  -  | inf || r23  | vr9  |  -  | 21  ||
|17  |add   || r14  | vr16 |  -  | inf || r11  | vr17 |  -  | inf || r24  | vr11 |  -  | 20  ||
|18  |add   || r13  | vr14 |  -  | inf || r12  | vr15 |  -  | inf || r25  | vr13 |  -  | 19  ||
|19  |add   || r20  | vr12 |  -  | inf || r25  | vr13 |  -  | inf || r30  | vr6  |  -  | 22  ||
|20  |add   || r21  | vr10 |  -  | inf || r24  | vr11 |  -  | inf || r31  | vr7  |  -  | 22  ||
|21  |add   || r22  | vr8  |  -  | inf || r23  | vr9  |  -  | inf || r32  | vr5  |  -  | 23  ||
|22  |add   || r30  | vr6  |  -  | inf || r31  | vr7  |  -  | inf || r33  | vr4  |  -  | 23  ||
|23  |add   || r33  | vr4  |  -  | inf || r32  | vr5  |  -  | inf || r34  | vr0  |  -  | 25  ||
|24  |add   || r7   | vr2  |  -  | inf || r1   | vr3  |  -  | inf || r8   | vr1  |  -  | 25  ||
|25  |store || r34  | vr0  |  -  | inf || r8   | vr1  |  -  | inf || -    |  -   |  -  | inf ||
|26  |output|| 2024 |  -   |  -  | n/a || -    |  -   |  -  | inf || -    |  -   |  -  | inf ||
MaxLive: 11


Allocating with 6 registers, 1 reserved
VRtoPR:  |0: -1|1: -1|2: -1|3: -1|4: -1|5: -1|6: -1|7: -1|8: -1|9: -1|10: -1|11: -1|12: -1|13: -1|14: -1|15: -1|16: -1|17: -1|18: -1|19: -1|20: -1|21: -1|22: -1|23: -1|24: -1|
VRtoMem: |0: -1|1: -1|2: -1|3: -1|4: -1|5: -1|6: -1|7: -1|8: -1|9: -1|10: -1|11: -1|12: -1|13: -1|14: -1|15: -1|16: -1|17: -1|18: -1|19: -1|20: -1|21: -1|22: -1|23: -1|24: -1|
PRtoVR:  |0: -1|1: -1|2: -1|3: -1|4: -1|
nextUse: |0: 28|1: 28|2: 28|3: 28|4: 28|
stack:   |0: 0|1: 1|2: 2|3: 3|4: 4|
nextMem: 32768, stackTop: 0, spillReg: 5

|0   |loadI || 4    |  -   |  -  | n/a || -    |  -   |  -  | inf || r1   | vr3  | pr0 | 2   ||
VRtoPR:  |0: -1|1: -1|2: -1|3: 0|4: -1|5: -1|6: -1|7: -1|8: -1|9: -1|10: -1|11: -1|12: -1|13: -1|14: -1|15: -1|16: -1|17: -1|18: -1|19: -1|20: -1|21: -1|22: -1|23: -1|24: -1|
VRtoMem: |0: -1|1: -1|2: -1|3: -1|4: -1|5: -1|6: -1|7: -1|8: -1|9: -1|10: -1|11: -1|12: -1|13: -1|14: -1|15: -1|16: -1|17: -1|18: -1|19: -1|20: -1|21: -1|22: -1|23: -1|24: -1|
PRtoVR:  |0: 3|1: -1|2: -1|3: -1|4: -1|
nextUse: |0: 2|1: 28|2: 28|3: 28|4: 28|
stack:   |0: -1|1: 1|2: 2|3: 3|4: 4|
nextMem: 32768, stackTop: 1, spillReg: 5

|1   |loadI || 2000 |  -   |  -  | n/a || -    |  -   |  -  | inf || r2   | vr24 | pr1 | 2   ||
VRtoPR:  |0: -1|1: -1|2: -1|3: 0|4: -1|5: -1|6: -1|7: -1|8: -1|9: -1|10: -1|11: -1|12: -1|13: -1|14: -1|15: -1|16: -1|17: -1|18: -1|19: -1|20: -1|21: -1|22: -1|23: -1|24: 1|
VRtoMem: |0: -1|1: -1|2: -1|3: -1|4: -1|5: -1|6: -1|7: -1|8: -1|9: -1|10: -1|11: -1|12: -1|13: -1|14: -1|15: -1|16: -1|17: -1|18: -1|19: -1|20: -1|21: -1|22: -1|23: -1|24: -1|
PRtoVR:  |0: 3|1: 24|2: -1|3: -1|4: -1|
nextUse: |0: 2|1: 2|2: 28|3: 28|4: 28|
stack:   |0: -1|1: -1|2: 2|3: 3|4: 4|
nextMem: 32768, stackTop: 2, spillReg: 5

|2   |add   || r2   | vr24 | pr1 | 7   || r1   | vr3  | pr0 | 3   || r3   | vr23 | pr2 | 3   ||
VRtoPR:  |0: -1|1: -1|2: -1|3: 0|4: -1|5: -1|6: -1|7: -1|8: -1|9: -1|10: -1|11: -1|12: -1|13: -1|14: -1|15: -1|16: -1|17: -1|18: -1|19: -1|20: -1|21: -1|22: -1|23: 2|24: 1|
VRtoMem: |0: -1|1: -1|2: -1|3: -1|4: -1|5: -1|6: -1|7: -1|8: -1|9: -1|10: -1|11: -1|12: -1|13: -1|14: -1|15: -1|16: -1|17: -1|18: -1|19: -1|20: -1|21: -1|22: -1|23: -1|24: -1|
PRtoVR:  |0: 3|1: 24|2: 23|3: -1|4: -1|
nextUse: |0: 3|1: 7|2: 3|3: 28|4: 28|
stack:   |0: -1|1: -1|2: -1|3: 3|4: 4|
nextMem: 32768, stackTop: 3, spillReg: 5

|3   |add   || r3   | vr23 | pr2 | 8   || r1   | vr3  | pr0 | 4   || r4   | vr22 | pr3 | 4   ||
VRtoPR:  |0: -1|1: -1|2: -1|3: 0|4: -1|5: -1|6: -1|7: -1|8: -1|9: -1|10: -1|11: -1|12: -1|13: -1|14: -1|15: -1|16: -1|17: -1|18: -1|19: -1|20: -1|21: -1|22: 3|23: 2|24: 1|
VRtoMem: |0: -1|1: -1|2: -1|3: -1|4: -1|5: -1|6: -1|7: -1|8: -1|9: -1|10: -1|11: -1|12: -1|13: -1|14: -1|15: -1|16: -1|17: -1|18: -1|19: -1|20: -1|21: -1|22: -1|23: -1|24: -1|
PRtoVR:  |0: 3|1: 24|2: 23|3: 22|4: -1|
nextUse: |0: 4|1: 7|2: 8|3: 4|4: 28|
stack:   |0: -1|1: -1|2: -1|3: -1|4: 4|
nextMem: 32768, stackTop: 4, spillReg: 5

|4   |add   || r4   | vr22 | pr3 | 9   || r1   | vr3  | pr0 | 5   || r5   | vr21 | pr4 | 5   ||
VRtoPR:  |0: -1|1: -1|2: -1|3: 0|4: -1|5: -1|6: -1|7: -1|8: -1|9: -1|10: -1|11: -1|12: -1|13: -1|14: -1|15: -1|16: -1|17: -1|18: -1|19: -1|20: -1|21: 4|22: 3|23: 2|24: 1|
VRtoMem: |0: -1|1: -1|2: -1|3: -1|4: -1|5: -1|6: -1|7: -1|8: -1|9: -1|10: -1|11: -1|12: -1|13: -1|14: -1|15: -1|16: -1|17: -1|18: -1|19: -1|20: -1|21: -1|22: -1|23: -1|24: -1|
PRtoVR:  |0: 3|1: 24|2: 23|3: 22|4: 21|
nextUse: |0: 5|1: 7|2: 8|3: 9|4: 5|
stack:   |0: -1|1: -1|2: -1|3: -1|4: -1|
nextMem: 32768, stackTop: 5, spillReg: 5

|5   |add   || r5   | vr21 | pr4 | 10  || r1   | vr3  | pr0 | 6   || r6   | vr20 | pr4 | 6   ||
VRtoPR:  |0: -1|1: -1|2: -1|3: 0|4: -1|5: -1|6: -1|7: -1|8: -1|9: -1|10: -1|11: -1|12: -1|13: -1|14: -1|15: -1|16: -1|17: -1|18: -1|19: -1|20: 4|21: -1|22: 3|23: 2|24: 1|
VRtoMem: |0: -1|1: -1|2: -1|3: -1|4: -1|5: -1|6: -1|7: -1|8: -1|9: -1|10: -1|11: -1|12: -1|13: -1|14: -1|15: -1|16: -1|17: -1|18: -1|19: -1|20: -1|21: 32768|22: -1|23: -1|24: -1|
PRtoVR:  |0: 3|1: 24|2: 23|3: 22|4: 20|
nextUse: |0: 6|1: 7|2: 8|3: 9|4: 6|
stack:   |0: -1|1: -1|2: -1|3: -1|4: -1|
nextMem: 32772, stackTop: 5, spillReg: 5

|6   |add   || r6   | vr20 | pr4 | 11  || r1   | vr3  | pr0 | 24  || r7   | vr2  | pr0 | 12  ||
VRtoPR:  |0: -1|1: -1|2: 0|3: -1|4: -1|5: -1|6: -1|7: -1|8: -1|9: -1|10: -1|11: -1|12: -1|13: -1|14: -1|15: -1|16: -1|17: -1|18: -1|19: -1|20: 4|21: -1|22: 3|23: 2|24: 1|
VRtoMem: |0: -1|1: -1|2: -1|3: 32772|4: -1|5: -1|6: -1|7: -1|8: -1|9: -1|10: -1|11: -1|12: -1|13: -1|14: -1|15: -1|16: -1|17: -1|18: -1|19: -1|20: -1|21: 32768|22: -1|23: -1|24: -1|
PRtoVR:  |0: 2|1: 24|2: 23|3: 22|4: 20|
nextUse: |0: 12|1: 7|2: 8|3: 9|4: 11|
stack:   |0: -1|1: -1|2: -1|3: -1|4: -1|
nextMem: 32776, stackTop: 5, spillReg: 5

|7   |load  || r2   | vr24 | pr1 | inf || -    |  -   |  -  | inf || r10  | vr19 | pr1 | 15  ||
VRtoPR:  |0: -1|1: -1|2: 0|3: -1|4: -1|5: -1|6: -1|7: -1|8: -1|9: -1|10: -1|11: -1|12: -1|13: -1|14: -1|15: -1|16: -1|17: -1|18: -1|19: 1|20: 4|21: -1|22: 3|23: 2|24: 1|
VRtoMem: |0: -1|1: -1|2: -1|3: 32772|4: -1|5: -1|6: -1|7: -1|8: -1|9: -1|10: -1|11: -1|12: -1|13: -1|14: -1|15: -1|16: -1|17: -1|18: -1|19: -1|20: -1|21: 32768|22: -1|23: -1|24: -1|
PRtoVR:  |0: 2|1: 19|2: 23|3: 22|4: 20|
nextUse: |0: 12|1: 15|2: 8|3: 9|4: 11|
stack:   |0: -1|1: -1|2: -1|3: -1|4: -1|
nextMem: 32776, stackTop: 5, spillReg: 5

|8   |load  || r3   | vr23 | pr2 | inf || -    |  -   |  -  | inf || r11  | vr17 | pr2 | 15  ||
VRtoPR:  |0: -1|1: -1|2: 0|3: -1|4: -1|5: -1|6: -1|7: -1|8: -1|9: -1|10: -1|11: -1|12: -1|13: -1|14: -1|15: -1|16: -1|17: 2|18: -1|19: 1|20: 4|21: -1|22: 3|23: 2|24: 1|
VRtoMem: |0: -1|1: -1|2: -1|3: 32772|4: -1|5: -1|6: -1|7: -1|8: -1|9: -1|10: -1|11: -1|12: -1|13: -1|14: -1|15: -1|16: -1|17: -1|18: -1|19: -1|20: -1|21: 32768|22: -1|23: -1|24: -1|
PRtoVR:  |0: 2|1: 19|2: 17|3: 22|4: 20|
nextUse: |0: 12|1: 15|2: 15|3: 9|4: 11|
stack:   |0: -1|1: -1|2: -1|3: -1|4: -1|
nextMem: 32776, stackTop: 5, spillReg: 5

|9   |load  || r4   | vr22 | pr3 | inf || -    |  -   |  -  | inf || r12  | vr15 | pr3 | 14  ||
VRtoPR:  |0: -1|1: -1|2: 0|3: -1|4: -1|5: -1|6: -1|7: -1|8: -1|9: -1|10: -1|11: -1|12: -1|13: -1|14: -1|15: 3|16: -1|17: 2|18: -1|19: 1|20: 4|21: -1|22: 3|23: 2|24: 1|
VRtoMem: |0: -1|1: -1|2: -1|3: 32772|4: -1|5: -1|6: -1|7: -1|8: -1|9: -1|10: -1|11: -1|12: -1|13: -1|14: -1|15: -1|16: -1|17: -1|18: -1|19: -1|20: -1|21: 32768|22: -1|23: -1|24: -1|
PRtoVR:  |0: 2|1: 19|2: 17|3: 15|4: 20|
nextUse: |0: 12|1: 15|2: 15|3: 14|4: 11|
stack:   |0: -1|1: -1|2: -1|3: -1|4: -1|
nextMem: 32776, stackTop: 5, spillReg: 5

|10  |load  || r5   | vr21 | pr1 | inf || -    |  -   |  -  | inf || r13  | vr14 | pr1 | 14  ||
VRtoPR:  |0: -1|1: -1|2: 0|3: -1|4: -1|5: -1|6: -1|7: -1|8: -1|9: -1|10: -1|11: -1|12: -1|13: -1|14: 1|15: 3|16: -1|17: 2|18: -1|19: -1|20: 4|21: 1|22: 3|23: 2|24: 1|
VRtoMem: |0: -1|1: -1|2: -1|3: 32772|4: -1|5: -1|6: -1|7: -1|8: -1|9: -1|10: -1|11: -1|12: -1|13: -1|14: -1|15: -1|16: -1|17: -1|18: -1|19: 32776|20: -1|21: 32768|22: -1|23: -1|24: -1|
PRtoVR:  |0: 2|1: 14|2: 17|3: 15|4: 20|
nextUse: |0: 12|1: 14|2: 15|3: 14|4: 11|
stack:   |0: -1|1: -1|2: -1|3: -1|4: -1|
nextMem: 32780, stackTop: 5, spillReg: 5

|11  |load  || r6   | vr20 | pr4 | inf || -    |  -   |  -  | inf || r14  | vr16 | pr4 | 13  ||
VRtoPR:  |0: -1|1: -1|2: 0|3: -1|4: -1|5: -1|6: -1|7: -1|8: -1|9: -1|10: -1|11: -1|12: -1|13: -1|14: 1|15: 3|16: 4|17: 2|18: -1|19: -1|20: 4|21: 1|22: 3|23: 2|24: 1|
VRtoMem: |0: -1|1: -1|2: -1|3: 32772|4: -1|5: -1|6: -1|7: -1|8: -1|9: -1|10: -1|11: -1|12: -1|13: -1|14: -1|15: -1|16: -1|17: -1|18: -1|19: 32776|20: -1|21: 32768|22: -1|23: -1|24: -1|
PRtoVR:  |0: 2|1: 14|2: 17|3: 15|4: 16|
nextUse: |0: 12|1: 14|2: 15|3: 14|4: 13|
stack:   |0: -1|1: -1|2: -1|3: -1|4: -1|
nextMem: 32780, stackTop: 5, spillReg: 5

|12  |load  || r7   | vr2  | pr0 | 24  || -    |  -   |  -  | inf || r15  | vr18 | pr0 | 13  ||
VRtoPR:  |0: -1|1: -1|2: -1|3: -1|4: -1|5: -1|6: -1|7: -1|8: -1|9: -1|10: -1|11: -1|12: -1|13: -1|14: 1|15: 3|16: 4|17: 2|18: 0|19: -1|20: 4|21: 1|22: 3|23: 2|24: 1|
VRtoMem: |0: -1|1: -1|2: 32780|3: 32772|4: -1|5: -1|6: -1|7: -1|8: -1|9: -1|10: -1|11: -1|12: -1|13: -1|14: -1|15: -1|16: -1|17: -1|18: -1|19: 32776|20: -1|21: 32768|22: -1|23: -1|24: -1|
PRtoVR:  |0: 18|1: 14|2: 17|3: 15|4: 16|
nextUse: |0: 13|1: 14|2: 15|3: 14|4: 13|
stack:   |0: -1|1: -1|2: -1|3: -1|4: -1|
nextMem: 32784, stackTop: 5, spillReg: 5

|13  |mult  || r15  | vr18 | pr0 | 16  || r14  | vr16 | pr4 | 17  || r20  | vr12 | pr4 | 19  ||
VRtoPR:  |0: -1|1: -1|2: -1|3: -1|4: -1|5: -1|6: -1|7: -1|8: -1|9: -1|10: -1|11: -1|12: 4|13: -1|14: 1|15: 3|16: -1|17: 2|18: 0|19: -1|20: 4|21: 1|22: 3|23: 2|24: 1|
VRtoMem: |0: -1|1: -1|2: 32780|3: 32772|4: -1|5: -1|6: -1|7: -1|8: -1|9: -1|10: -1|11: -1|12: -1|13: -1|14: -1|15: -1|16: 32784|17: -1|18: -1|19: 32776|20: -1|21: 32768|22: -1|23: -1|24: -1|
PRtoVR:  |0: 18|1: 14|2: 17|3: 15|4: 12|
nextUse: |0: 16|1: 14|2: 15|3: 14|4: 19|
stack:   |0: -1|1: -1|2: -1|3: -1|4: -1|
nextMem: 32788, stackTop: 5, spillReg: 5

|14  |mult  || r13  | vr14 | pr1 | 18  || r12  | vr15 | pr3 | 18  || r21  | vr10 | pr4 | 20  ||
VRtoPR:  |0: -1|1: -1|2: -1|3: -1|4: -1|5: -1|6: -1|7: -1|8: -1|9: -1|10: 4|11: -1|12: -1|13: -1|14: 1|15: 3|16: -1|17: 2|18: 0|19: -1|20: 4|21: 1|22: 3|23: 2|24: 1|
VRtoMem: |0: -1|1: -1|2: 32780|3: 32772|4: -1|5: -1|6: -1|7: -1|8: -1|9: -1|10: -1|11: -1|12: 32788|13: -1|14: -1|15: -1|16: 32784|17: -1|18: -1|19: 32776|20: -1|21: 32768|22: -1|23: -1|24: -1|
PRtoVR:  |0: 18|1: 14|2: 17|3: 15|4: 10|
nextUse: |0: 16|1: 18|2: 15|3: 18|4: 20|
stack:   |0: -1|1: -1|2: -1|3: -1|4: -1|
nextMem: 32792, stackTop: 5, spillReg: 5

|15  |mult  || r11  | vr17 | pr2 | 17  || r10  | vr19 | pr4 | 16  || r22  | vr8  | pr1 | 21  ||
VRtoPR:  |0: -1|1: -1|2: -1|3: -1|4: -1|5: -1|6: -1|7: -1|8: 1|9: -1|10: -1|11: -1|12: -1|13: -1|14: -1|15: 3|16: -1|17: 2|18: 0|19: 4|20: 4|21: 1|22: 3|23: 2|24: 1|
VRtoMem: |0: -1|1: -1|2: 32780|3: 32772|4: -1|5: -1|6: -1|7: -1|8: -1|9: -1|10: 32792|11: -1|12: 32788|13: -1|14: 32796|15: -1|16: 32784|17: -1|18: -1|19: 32776|20: -1|21: 32768|22: -1|23: -1|24: -1|
PRtoVR:  |0: 18|1: 8|2: 17|3: 15|4: 19|
nextUse: |0: 16|1: 21|2: 17|3: 18|4: 16|
stack:   |0: -1|1: -1|2: -1|3: -1|4: -1|
nextMem: 32800, stackTop: 5, spillReg: 5

|16  |add   || r15  | vr18 | pr0 | inf || r10  | vr19 | pr4 | inf || r23  | vr9  | pr4 | 21  ||
VRtoPR:  |0: -1|1: -1|2: -1|3: -1|4: -1|5: -1|6: -1|7: -1|8: 1|9: 4|10: -1|11: -1|12: -1|13: -1|14: -1|15: 3|16: -1|17: 2|18: 0|19: 4|20: 4|21: 1|22: 3|23: 2|24: 1|
VRtoMem: |0: -1|1: -1|2: 32780|3: 32772|4: -1|5: -1|6: -1|7: -1|8: -1|9: -1|10: 32792|11: -1|12: 32788|13: -1|14: 32796|15: -1|16: 32784|17: -1|18: -1|19: 32776|20: -1|21: 32768|22: -1|23: -1|24: -1|
PRtoVR:  |0: -1|1: 8|2: 17|3: 15|4: 9|
nextUse: |0: 28|1: 21|2: 17|3: 18|4: 21|
stack:   |0: -1|1: -1|2: -1|3: -1|4: 0|
nextMem: 32800, stackTop: 4, spillReg: 5

|17  |add   || r14  | vr16 | pr0 | inf || r11  | vr17 | pr2 | inf || r24  | vr11 | pr2 | 20  ||
VRtoPR:  |0: -1|1: -1|2: -1|3: -1|4: -1|5: -1|6: -1|7: -1|8: 1|9: 4|10: -1|11: 2|12: -1|13: -1|14: -1|15: 3|16: 0|17: 2|18: 0|19: 4|20: 4|21: 1|22: 3|23: 2|24: 1|
VRtoMem: |0: -1|1: -1|2: 32780|3: 32772|4: -1|5: -1|6: -1|7: -1|8: -1|9: -1|10: 32792|11: -1|12: 32788|13: -1|14: 32796|15: -1|16: 32784|17: -1|18: -1|19: 32776|20: -1|21: 32768|22: -1|23: -1|24: -1|
PRtoVR:  |0: -1|1: 8|2: 11|3: 15|4: 9|
nextUse: |0: 28|1: 21|2: 20|3: 18|4: 21|
stack:   |0: -1|1: -1|2: -1|3: -1|4: 0|
nextMem: 32800, stackTop: 4, spillReg: 5

|18  |add   || r13  | vr14 | pr0 | inf || r12  | vr15 | pr3 | inf || r25  | vr13 | pr3 | 19  ||
VRtoPR:  |0: -1|1: -1|2: -1|3: -1|4: -1|5: -1|6: -1|7: -1|8: 1|9: 4|10: -1|11: 2|12: -1|13: 3|14: 0|15: 3|16: 0|17: 2|18: 0|19: 4|20: 4|21: 1|22: 3|23: 2|24: 1|
VRtoMem: |0: -1|1: -1|2: 32780|3: 32772|4: -1|5: -1|6: -1|7: -1|8: -1|9: -1|10: 32792|11: -1|12: 32788|13: -1|14: 32796|15: -1|16: 32784|17: -1|18: -1|19: 32776|20: -1|21: 32768|22: -1|23: -1|24: -1|
PRtoVR:  |0: -1|1: 8|2: 11|3: 13|4: 9|
nextUse: |0: 28|1: 21|2: 20|3: 19|4: 21|
stack:   |0: -1|1: -1|2: -1|3: -1|4: 0|
nextMem: 32800, stackTop: 4, spillReg: 5

|19  |add   || r20  | vr12 | pr0 | inf || r25  | vr13 | pr3 | inf || r30  | vr6  | pr3 | 22  ||
VRtoPR:  |0: -1|1: -1|2: -1|3: -1|4: -1|5: -1|6: 3|7: -1|8: 1|9: 4|10: -1|11: 2|12: 0|13: 3|14: 0|15: 3|16: 0|17: 2|18: 0|19: 4|20: 4|21: 1|22: 3|23: 2|24: 1|
VRtoMem: |0: -1|1: -1|2: 32780|3: 32772|4: -1|5: -1|6: -1|7: -1|8: -1|9: -1|10: 32792|11: -1|12: 32788|13: -1|14: 32796|15: -1|16: 32784|17: -1|18: -1|19: 32776|20: -1|21: 32768|22: -1|23: -1|24: -1|
PRtoVR:  |0: -1|1: 8|2: 11|3: 6|4: 9|
nextUse: |0: 28|1: 21|2: 20|3: 22|4: 21|
stack:   |0: -1|1: -1|2: -1|3: -1|4: 0|
nextMem: 32800, stackTop: 4, spillReg: 5

|20  |add   || r21  | vr10 | pr0 | inf || r24  | vr11 | pr2 | inf || r31  | vr7  | pr2 | 22  ||
VRtoPR:  |0: -1|1: -1|2: -1|3: -1|4: -1|5: -1|6: 3|7: 2|8: 1|9: 4|10: 0|11: 2|12: 0|13: 3|14: 0|15: 3|16: 0|17: 2|18: 0|19: 4|20: 4|21: 1|22: 3|23: 2|24: 1|
VRtoMem: |0: -1|1: -1|2: 32780|3: 32772|4: -1|5: -1|6: -1|7: -1|8: -1|9: -1|10: 32792|11: -1|12: 32788|13: -1|14: 32796|15: -1|16: 32784|17: -1|18: -1|19: 32776|20: -1|21: 32768|22: -1|23: -1|24: -1|
PRtoVR:  |0: -1|1: 8|2: 7|3: 6|4: 9|
nextUse: |0: 28|1: 21|2: 22|3: 22|4: 21|
stack:   |0: -1|1: -1|2: -1|3: -1|4: 0|
nextMem: 32800, stackTop: 4, spillReg: 5

|21  |add   || r22  | vr8  | pr1 | inf || r23  | vr9  | pr4 | inf || r32  | vr5  | pr4 | 23  ||
VRtoPR:  |0: -1|1: -1|2: -1|3: -1|4: -1|5: 4|6: 3|7: 2|8: 1|9: 4|10: 0|11: 2|12: 0|13: 3|14: 0|15: 3|16: 0|17: 2|18: 0|19: 4|20: 4|21: 1|22: 3|23: 2|24: 1|
VRtoMem: |0: -1|1: -1|2: 32780|3: 32772|4: -1|5: -1|6: -1|7: -1|8: -1|9: -1|10: 32792|11: -1|12: 32788|13: -1|14: 32796|15: -1|16: 32784|17: -1|18: -1|19: 32776|20: -1|21: 32768|22: -1|23: -1|24: -1|
PRtoVR:  |0: -1|1: -1|2: 7|3: 6|4: 5|
nextUse: |0: 28|1: 28|2: 22|3: 22|4: 23|
stack:   |0: -1|1: -1|2: -1|3: 1|4: 0|
nextMem: 32800, stackTop: 3, spillReg: 5

|22  |add   || r30  | vr6  | pr3 | inf || r31  | vr7  | pr2 | inf || r33  | vr4  | pr2 | 23  ||
VRtoPR:  |0: -1|1: -1|2: -1|3: -1|4: 2|5: 4|6: 3|7: 2|8: 1|9: 4|10: 0|11: 2|12: 0|13: 3|14: 0|15: 3|16: 0|17: 2|18: 0|19: 4|20: 4|21: 1|22: 3|23: 2|24: 1|
VRtoMem: |0: -1|1: -1|2: 32780|3: 32772|4: -1|5: -1|6: -1|7: -1|8: -1|9: -1|10: 32792|11: -1|12: 32788|13: -1|14: 32796|15: -1|16: 32784|17: -1|18: -1|19: 32776|20: -1|21: 32768|22: -1|23: -1|24: -1|
PRtoVR:  |0: -1|1: -1|2: 4|3: -1|4: 5|
nextUse: |0: 28|1: 28|2: 23|3: 28|4: 23|
stack:   |0: -1|1: -1|2: 3|3: 1|4: 0|
nextMem: 32800, stackTop: 2, spillReg: 5

|23  |add   || r33  | vr4  | pr2 | inf || r32  | vr5  | pr4 | inf || r34  | vr0  | pr4 | 25  ||
VRtoPR:  |0: 4|1: -1|2: -1|3: -1|4: 2|5: 4|6: 3|7: 2|8: 1|9: 4|10: 0|11: 2|12: 0|13: 3|14: 0|15: 3|16: 0|17: 2|18: 0|19: 4|20: 4|21: 1|22: 3|23: 2|24: 1|
VRtoMem: |0: -1|1: -1|2: 32780|3: 32772|4: -1|5: -1|6: -1|7: -1|8: -1|9: -1|10: 32792|11: -1|12: 32788|13: -1|14: 32796|15: -1|16: 32784|17: -1|18: -1|19: 32776|20: -1|21: 32768|22: -1|23: -1|24: -1|
PRtoVR:  |0: -1|1: -1|2: -1|3: -1|4: 0|
nextUse: |0: 28|1: 28|2: 28|3: 28|4: 25|
stack:   |0: -1|1: 2|2: 3|3: 1|4: 0|
nextMem: 32800, stackTop: 1, spillReg: 5

|24  |add   || r7   | vr2  | pr2 | inf || r1   | vr3  | pr3 | inf || r8   | vr1  | pr3 | 25  ||
VRtoPR:  |0: 4|1: 3|2: 2|3: 3|4: 2|5: 4|6: 3|7: 2|8: 1|9: 4|10: 0|11: 2|12: 0|13: 3|14: 0|15: 3|16: 0|17: 2|18: 0|19: 4|20: 4|21: 1|22: 3|23: 2|24: 1|
VRtoMem: |0: -1|1: -1|2: 32780|3: 32772|4: -1|5: -1|6: -1|7: -1|8: -1|9: -1|10: 32792|11: -1|12: 32788|13: -1|14: 32796|15: -1|16: 32784|17: -1|18: -1|19: 32776|20: -1|21: 32768|22: -1|23: -1|24: -1|
PRtoVR:  |0: -1|1: -1|2: -1|3: 1|4: 0|
nextUse: |0: 28|1: 28|2: 28|3: 25|4: 25|
stack:   |0: -1|1: -1|2: 2|3: 1|4: 0|
nextMem: 32800, stackTop: 2, spillReg: 5

|25  |store || r34  | vr0  | pr4 | inf || r8   | vr1  | pr3 | inf || -    |  -   |  -  | inf ||
VRtoPR:  |0: 4|1: 3|2: 2|3: 3|4: 2|5: 4|6: 3|7: 2|8: 1|9: 4|10: 0|11: 2|12: 0|13: 3|14: 0|15: 3|16: 0|17: 2|18: 0|19: 4|20: 4|21: 1|22: 3|23: 2|24: 1|
VRtoMem: |0: -1|1: -1|2: 32780|3: 32772|4: -1|5: -1|6: -1|7: -1|8: -1|9: -1|10: 32792|11: -1|12: 32788|13: -1|14: 32796|15: -1|16: 32784|17: -1|18: -1|19: 32776|20: -1|21: 32768|22: -1|23: -1|24: -1|
PRtoVR:  |0: -1|1: -1|2: -1|3: -1|4: -1|
nextUse: |0: 28|1: 28|2: 28|3: 28|4: 28|
stack:   |0: 3|1: 4|2: 2|3: 1|4: 0|
nextMem: 32800, stackTop: 0, spillReg: 5

|26  |output|| 2024 |  -   |  -  | n/a || -    |  -   |  -  | inf || -    |  -   |  -  | inf ||
VRtoPR:  |0: 4|1: 3|2: 2|3: 3|4: 2|5: 4|6: 3|7: 2|8: 1|9: 4|10: 0|11: 2|12: 0|13: 3|14: 0|15: 3|16: 0|17: 2|18: 0|19: 4|20: 4|21: 1|22: 3|23: 2|24: 1|
VRtoMem: |0: -1|1: -1|2: 32780|3: 32772|4: -1|5: -1|6: -1|7: -1|8: -1|9: -1|10: 32792|11: -1|12: 32788|13: -1|14: 32796|15: -1|16: 32784|17: -1|18: -1|19: 32776|20: -1|21: 32768|22: -1|23: -1|24: -1|
PRtoVR:  |0: -1|1: -1|2: -1|3: -1|4: -1|
nextUse: |0: 28|1: 28|2: 28|3: 28|4: 28|
stack:   |0: 3|1: 4|2: 2|3: 1|4: 0|
nextMem: 32800, stackTop: 0, spillReg: 5

|in- |opcode||            op1           ||            op2           ||           dest           ||
|dex |      ||  sr   |  vr  |  pr |  nu ||  sr   |  vr  |  pr |  nu ||  sr   |  vr  |  pr |  nu ||
|0   |loadI || 4     |  -   |  -  | n/a || -     |  -   |  -  | inf || r1    | vr3  | pr0 | 2   ||
|1   |loadI || 2000  |  -   |  -  | n/a || -     |  -   |  -  | inf || r2    | vr24 | pr1 | 2   ||
|2   |add   || r2    | vr24 | pr1 | 7   || r1    | vr3  | pr0 | 3   || r3    | vr23 | pr2 | 3   ||
|3   |add   || r3    | vr23 | pr2 | 8   || r1    | vr3  | pr0 | 4   || r4    | vr22 | pr3 | 4   ||
|4   |add   || r4    | vr22 | pr3 | 9   || r1    | vr3  | pr0 | 5   || r5    | vr21 | pr4 | 5   ||
|5   |loadI || 32768 |  -   |  -  | n/a || -     |  -   |  -  | inf || -     |  -   | pr5 | inf ||
|5   |store || -     | vr21 | pr4 | inf || -     |  -   | pr5 | inf || -     |  -   |  -  | inf ||
|5   |add   || r5    | vr21 | pr4 | 10  || r1    | vr3  | pr0 | 6   || r6    | vr20 | pr4 | 6   ||
|6   |loadI || 32772 |  -   |  -  | n/a || -     |  -   |  -  | inf || -     |  -   | pr5 | inf ||
|6   |store || -     | vr3  | pr0 | inf || -     |  -   | pr5 | inf || -     |  -   |  -  | inf ||
|6   |add   || r6    | vr20 | pr4 | 11  || r1    | vr3  | pr0 | 24  || r7    | vr2  | pr0 | 12  ||
|7   |load  || r2    | vr24 | pr1 | inf || -     |  -   |  -  | inf || r10   | vr19 | pr1 | 15  ||
|8   |load  || r3    | vr23 | pr2 | inf || -     |  -   |  -  | inf || r11   | vr17 | pr2 | 15  ||
|9   |load  || r4    | vr22 | pr3 | inf || -     |  -   |  -  | inf || r12   | vr15 | pr3 | 14  ||
|10  |loadI || 32768 |  -   |  -  | n/a || -     |  -   |  -  | inf || -     |  -   | pr5 | inf ||
|10  |load  || -     |  -   | pr5 | inf || -     |  -   |  -  | inf || -     |  -   | pr1 | inf ||
|10  |loadI || 32776 |  -   |  -  | n/a || -     |  -   |  -  | inf || -     |  -   | pr5 | inf ||
|10  |store || -     | vr19 | pr1 | inf || -     |  -   | pr5 | inf || -     |  -   |  -  | inf ||
|10  |load  || r5    | vr21 | pr1 | inf || -     |  -   |  -  | inf || r13   | vr14 | pr1 | 14  ||
|11  |load  || r6    | vr20 | pr4 | inf || -     |  -   |  -  | inf || r14   | vr16 | pr4 | 13  ||
|12  |loadI || 32780 |  -   |  -  | n/a || -     |  -   |  -  | inf || -     |  -   | pr5 | inf ||
|12  |store || -     | vr2  | pr0 | inf || -     |  -   | pr5 | inf || -     |  -   |  -  | inf ||
|12  |load  || r7    | vr2  | pr0 | 24  || -     |  -   |  -  | inf || r15   | vr18 | pr0 | 13  ||
|13  |loadI || 32784 |  -   |  -  | n/a || -     |  -   |  -  | inf || -     |  -   | pr5 | inf ||
|13  |store || -     | vr16 | pr4 | inf || -     |  -   | pr5 | inf || -     |  -   |  -  | inf ||
|13  |mult  || r15   | vr18 | pr0 | 16  || r14   | vr16 | pr4 | 17  || r20   | vr12 | pr4 | 19  ||
|14  |loadI || 32788 |  -   |  -  | n/a || -     |  -   |  -  | inf || -     |  -   | pr5 | inf ||
|14  |store || -     | vr12 | pr4 | inf || -     |  -   | pr5 | inf || -     |  -   |  -  | inf ||
|14  |mult  || r13   | vr14 | pr1 | 18  || r12   | vr15 | pr3 | 18  || r21   | vr10 | pr4 | 20  ||
|15  |loadI || 32796 |  -   |  -  | n/a || -     |  -   |  -  | inf || -     |  -   | pr5 | inf ||
|15  |store || -     | vr14 | pr1 | inf || -     |  -   | pr5 | inf || -     |  -   |  -  | inf ||
|15  |loadI || 32776 |  -   |  -  | n/a || -     |  -   |  -  | inf || -     |  -   | pr5 | inf ||
|15  |load  || -     |  -   | pr5 | inf || -     |  -   |  -  | inf || -     |  -   | pr4 | inf ||
|15  |loadI || 32792 |  -   |  -  | n/a || -     |  -   |  -  | inf || -     |  -   | pr5 | inf ||
|15  |store || -     | vr10 | pr4 | inf || -     |  -   | pr5 | inf || -     |  -   |  -  | inf ||
|15  |mult  || r11   | vr17 | pr2 | 17  || r10   | vr19 | pr4 | 16  || r22   | vr8  | pr1 | 21  ||
|16  |add   || r15   | vr18 | pr0 | inf || r10   | vr19 | pr4 | inf || r23   | vr9  | pr4 | 21  ||
|17  |loadI || 32784 |  -   |  -  | n/a || -     |  -   |  -  | inf || -     |  -   | pr5 | inf ||
|17  |load  || -     |  -   | pr5 | inf || -     |  -   |  -  | inf || -     |  -   | pr0 | inf ||
|17  |add   || r14   | vr16 | pr0 | inf || r11   | vr17 | pr2 | inf || r24   | vr11 | pr2 | 20  ||
|18  |loadI || 32796 |  -   |  -  | n/a || -     |  -   |  -  | inf || -     |  -   | pr5 | inf ||
|18  |load  || -     |  -   | pr5 | inf || -     |  -   |  -  | inf || -     |  -   | pr0 | inf ||
|18  |add   || r13   | vr14 | pr0 | inf || r12   | vr15 | pr3 | inf || r25   | vr13 | pr3 | 19  ||
|19  |loadI || 32788 |  -   |  -  | n/a || -     |  -   |  -  | inf || -     |  -   | pr5 | inf ||
|19  |load  || -     |  -   | pr5 | inf || -     |  -   |  -  | inf || -     |  -   | pr0 | inf ||
|19  |add   || r20   | vr12 | pr0 | inf || r25   | vr13 | pr3 | inf || r30   | vr6  | pr3 | 22  ||
|20  |loadI || 32792 |  -   |  -  | n/a || -     |  -   |  -  | inf || -     |  -   | pr5 | inf ||
|20  |load  || -     |  -   | pr5 | inf || -     |  -   |  -  | inf || -     |  -   | pr0 | inf ||
|20  |add   || r21   | vr10 | pr0 | inf || r24   | vr11 | pr2 | inf || r31   | vr7  | pr2 | 22  ||
|21  |add   || r22   | vr8  | pr1 | inf || r23   | vr9  | pr4 | inf || r32   | vr5  | pr4 | 23  ||
|22  |add   || r30   | vr6  | pr3 | inf || r31   | vr7  | pr2 | inf || r33   | vr4  | pr2 | 23  ||
|23  |add   || r33   | vr4  | pr2 | inf || r32   | vr5  | pr4 | inf || r34   | vr0  | pr4 | 25  ||
|24  |loadI || 32772 |  -   |  -  | n/a || -     |  -   |  -  | inf || -     |  -   | pr5 | inf ||
|24  |load  || -     |  -   | pr5 | inf || -     |  -   |  -  | inf || -     |  -   | pr3 | inf ||
|24  |loadI || 32780 |  -   |  -  | n/a || -     |  -   |  -  | inf || -     |  -   | pr5 | inf ||
|24  |load  || -     |  -   | pr5 | inf || -     |  -   |  -  | inf || -     |  -   | pr2 | inf ||
|24  |add   || r7    | vr2  | pr2 | inf || r1    | vr3  | pr3 | inf || r8    | vr1  | pr3 | 25  ||
|25  |store || r34   | vr0  | pr4 | inf || r8    | vr1  | pr3 | inf || -     |  -   |  -  | inf ||
|26  |output|| 2024  |  -   |  -  | n/a || -     |  -   |  -  | inf || -     |  -   |  -  | inf ||
Reducing.
